<?xml version="1.0" encoding="UTF-8"?>
<testsuite name="me.gnoyes.kakaoapi.component.KakaoAddressFinderTest" tests="1" skipped="0" failures="0" errors="0" timestamp="2024-05-15T12:10:35" hostname="gnoyes.local" time="0.532">
  <properties/>
  <testcase name="도로명 주소를 넣었을 때 우편번호, 주소타입을 알 수 있다" classname="me.gnoyes.kakaoapi.component.KakaoAddressFinderTest" time="0.532"/>
  <system-out><![CDATA[21:10:34.822 [Test worker] INFO org.springframework.test.context.support.AnnotationConfigContextLoaderUtils -- Could not detect default configuration classes for test class [me.gnoyes.kakaoapi.component.KakaoAddressFinderTest]: KakaoAddressFinderTest does not declare any static, non-private, non-final, nested classes annotated with @Configuration.
21:10:34.862 [Test worker] INFO org.springframework.boot.test.context.SpringBootTestContextBootstrapper -- Found @SpringBootConfiguration me.gnoyes.kakaoapi.KakaoApiApplication for test class me.gnoyes.kakaoapi.component.KakaoAddressFinderTest

  .   ____          _            __ _ _
 /\\ / ___'_ __ _ _(_)_ __  __ _ \ \ \ \
( ( )\___ | '_ | '_| | '_ \/ _` | \ \ \ \
 \\/  ___)| |_)| | | | | || (_| |  ) ) ) )
  '  |____| .__|_| |_|_| |_\__, | / / / /
 =========|_|==============|___/=/_/_/_/
 :: Spring Boot ::                (v3.2.5)

2024-05-15T21:10:35.013+09:00  INFO 46706 --- [kakao-api] [    Test worker] m.g.k.component.KakaoAddressFinderTest   : Starting KakaoAddressFinderTest using Java 17.0.8 with PID 46706 (started by gnoyes in /Users/gnoyes/project/kakao-api)
2024-05-15T21:10:35.014+09:00  INFO 46706 --- [kakao-api] [    Test worker] m.g.k.component.KakaoAddressFinderTest   : No active profile set, falling back to 1 default profile: "default"
2024-05-15T21:10:35.264+09:00  INFO 46706 --- [kakao-api] [    Test worker] o.s.cloud.context.scope.GenericScope     : BeanFactory id=40241e8b-2a3c-39ea-ab49-ec05a5233fc5
2024-05-15T21:10:35.479+09:00  INFO 46706 --- [kakao-api] [    Test worker] m.g.k.component.KakaoAddressFinderTest   : Started KakaoAddressFinderTest in 0.571 seconds (process running for 0.971)
2024-05-15T21:10:36.013+09:00  INFO 46706 --- [kakao-api] [    Test worker] m.g.k.component.KakaoAddressFinder       : KaKaoApi.LocalResult(meta=KaKaoApi.Meta(is_end=false, pageable_count=1, total_count=1), documents=[KaKaoApi.Document(address_name=서울 동대문구 왕산로 91, address_type=ROAD_ADDR, x=127.033692959568, y=37.5785810211314, address=서울 동대문구 왕산로 91, road_address=KaKaoApi.RoadAddress(address_name=서울 동대문구 왕산로 91, region_1depth_name=서울, region_2depth_name=동대문구, region_3depth_name=제기동, road_name=왕산로, underground_yn=N, main_building_no=91, sub_building_no=, building_name=메트로폴 스위트, zone_no=02576, x=127.033692959568, y=37.5785810211314))])
]]></system-out>
  <system-err><![CDATA[]]></system-err>
</testsuite>
